<?xml version="1.0" encoding="UTF-8"?>
<testng-results ignored="0" total="2" passed="2" failed="0" skipped="0">
  <reporter-output>
  </reporter-output>
  <suite started-at="2025-05-03T12:32:28 IST" name="Master Suite" finished-at="2025-05-03T12:32:51 IST" duration-ms="23332">
    <groups>
    </groups>
    <test started-at="2025-05-03T12:32:28 IST" name="chrometest" finished-at="2025-05-03T12:32:51 IST" duration-ms="23332">
      <class name="testCases.TC002_LoginTest">
        <test-method is-config="true" signature="setup(java.lang.String,java.lang.String)[pri:0, instance:testCases.TC002_LoginTest@14f9390f]" started-at="2025-05-03T12:32:39 IST" name="setup" finished-at="2025-05-03T12:32:49 IST" duration-ms="9817" status="PASS">
          <params>
            <param index="0">
              <value>
                <![CDATA[Windows]]>
              </value>
            </param>
            <param index="1">
              <value>
                <![CDATA[chrome]]>
              </value>
            </param>
          </params>
          <reporter-output>
          </reporter-output>
        </test-method> <!-- setup -->
        <test-method signature="verify_login()[pri:0, instance:testCases.TC002_LoginTest@14f9390f]" started-at="2025-05-03T12:32:49 IST" name="verify_login" finished-at="2025-05-03T12:32:51 IST" duration-ms="1637" status="PASS">
          <reporter-output>
          </reporter-output>
        </test-method> <!-- verify_login -->
        <test-method is-config="true" signature="tearDown()[pri:0, instance:testCases.TC002_LoginTest@14f9390f]" started-at="2025-05-03T12:32:51 IST" name="tearDown" finished-at="2025-05-03T12:32:51 IST" duration-ms="309" status="PASS">
          <reporter-output>
          </reporter-output>
        </test-method> <!-- tearDown -->
      </class> <!-- testCases.TC002_LoginTest -->
      <class name="testCases.TC001_AccountRegistrationTest">
        <test-method is-config="true" signature="setup(java.lang.String,java.lang.String)[pri:0, instance:testCases.TC001_AccountRegistrationTest@5a9f4771]" started-at="2025-05-03T12:32:28 IST" name="setup" finished-at="2025-05-03T12:32:37 IST" duration-ms="8742" status="PASS">
          <params>
            <param index="0">
              <value>
                <![CDATA[Windows]]>
              </value>
            </param>
            <param index="1">
              <value>
                <![CDATA[chrome]]>
              </value>
            </param>
          </params>
          <reporter-output>
          </reporter-output>
        </test-method> <!-- setup -->
        <test-method signature="verify_account_registration()[pri:0, instance:testCases.TC001_AccountRegistrationTest@5a9f4771]" started-at="2025-05-03T12:32:37 IST" name="verify_account_registration" finished-at="2025-05-03T12:32:39 IST" duration-ms="2476" status="PASS">
          <reporter-output>
          </reporter-output>
        </test-method> <!-- verify_account_registration -->
        <test-method is-config="true" signature="tearDown()[pri:0, instance:testCases.TC001_AccountRegistrationTest@5a9f4771]" started-at="2025-05-03T12:32:39 IST" name="tearDown" finished-at="2025-05-03T12:32:39 IST" duration-ms="308" status="PASS">
          <reporter-output>
          </reporter-output>
        </test-method> <!-- tearDown -->
      </class> <!-- testCases.TC001_AccountRegistrationTest -->
    </test> <!-- chrometest -->
  </suite> <!-- Master Suite -->
</testng-results>
