<?xml version="1.0" encoding="UTF-8"?>
<testng-results ignored="0" total="4" passed="4" failed="0" skipped="0">
  <reporter-output>
  </reporter-output>
  <suite started-at="2025-05-02T23:43:10 IST" name="Master Suite" finished-at="2025-05-02T23:43:37 IST" duration-ms="27105">
    <groups>
    </groups>
    <test started-at="2025-05-02T23:43:10 IST" name="Linux-Chrome" finished-at="2025-05-02T23:43:21 IST" duration-ms="10732">
      <class name="testCases.TC002_LoginTest">
        <test-method is-config="true" signature="setup(java.lang.String,java.lang.String)[pri:0, instance:testCases.TC002_LoginTest@42b02722]" started-at="2025-05-02T23:43:17 IST" name="setup" finished-at="2025-05-02T23:43:19 IST" duration-ms="2056" status="PASS">
          <params>
            <param index="0">
              <value>
                <![CDATA[Linux]]>
              </value>
            </param>
            <param index="1">
              <value>
                <![CDATA[chrome]]>
              </value>
            </param>
          </params>
          <reporter-output>
          </reporter-output>
        </test-method> <!-- setup -->
        <test-method signature="verify_login()[pri:0, instance:testCases.TC002_LoginTest@42b02722]" started-at="2025-05-02T23:43:19 IST" name="verify_login" finished-at="2025-05-02T23:43:21 IST" duration-ms="1691" status="PASS">
          <reporter-output>
          </reporter-output>
        </test-method> <!-- verify_login -->
        <test-method is-config="true" signature="tearDown()[pri:0, instance:testCases.TC002_LoginTest@42b02722]" started-at="2025-05-02T23:43:21 IST" name="tearDown" finished-at="2025-05-02T23:43:21 IST" duration-ms="91" status="PASS">
          <reporter-output>
          </reporter-output>
        </test-method> <!-- tearDown -->
      </class> <!-- testCases.TC002_LoginTest -->
      <class name="testCases.TC001_AccountRegistrationTest">
        <test-method is-config="true" signature="setup(java.lang.String,java.lang.String)[pri:0, instance:testCases.TC001_AccountRegistrationTest@50d13246]" started-at="2025-05-02T23:43:10 IST" name="setup" finished-at="2025-05-02T23:43:14 IST" duration-ms="3861" status="PASS">
          <params>
            <param index="0">
              <value>
                <![CDATA[Linux]]>
              </value>
            </param>
            <param index="1">
              <value>
                <![CDATA[chrome]]>
              </value>
            </param>
          </params>
          <reporter-output>
          </reporter-output>
        </test-method> <!-- setup -->
        <test-method signature="verify_account_registration()[pri:0, instance:testCases.TC001_AccountRegistrationTest@50d13246]" started-at="2025-05-02T23:43:14 IST" name="verify_account_registration" finished-at="2025-05-02T23:43:17 IST" duration-ms="2807" status="PASS">
          <reporter-output>
          </reporter-output>
        </test-method> <!-- verify_account_registration -->
        <test-method is-config="true" signature="tearDown()[pri:0, instance:testCases.TC001_AccountRegistrationTest@50d13246]" started-at="2025-05-02T23:43:17 IST" name="tearDown" finished-at="2025-05-02T23:43:17 IST" duration-ms="143" status="PASS">
          <reporter-output>
          </reporter-output>
        </test-method> <!-- tearDown -->
      </class> <!-- testCases.TC001_AccountRegistrationTest -->
    </test> <!-- Linux-Chrome -->
    <test started-at="2025-05-02T23:43:21 IST" name="Linux-Firefox" finished-at="2025-05-02T23:43:37 IST" duration-ms="16336">
      <class name="testCases.TC002_LoginTest">
        <test-method is-config="true" signature="setup(java.lang.String,java.lang.String)[pri:0, instance:testCases.TC002_LoginTest@6bca7e0d]" started-at="2025-05-02T23:43:30 IST" name="setup" finished-at="2025-05-02T23:43:34 IST" duration-ms="4692" status="PASS">
          <params>
            <param index="0">
              <value>
                <![CDATA[Linux]]>
              </value>
            </param>
            <param index="1">
              <value>
                <![CDATA[firefox]]>
              </value>
            </param>
          </params>
          <reporter-output>
          </reporter-output>
        </test-method> <!-- setup -->
        <test-method signature="verify_login()[pri:0, instance:testCases.TC002_LoginTest@6bca7e0d]" started-at="2025-05-02T23:43:34 IST" name="verify_login" finished-at="2025-05-02T23:43:36 IST" duration-ms="1603" status="PASS">
          <reporter-output>
          </reporter-output>
        </test-method> <!-- verify_login -->
        <test-method is-config="true" signature="tearDown()[pri:0, instance:testCases.TC002_LoginTest@6bca7e0d]" started-at="2025-05-02T23:43:36 IST" name="tearDown" finished-at="2025-05-02T23:43:37 IST" duration-ms="982" status="PASS">
          <reporter-output>
          </reporter-output>
        </test-method> <!-- tearDown -->
      </class> <!-- testCases.TC002_LoginTest -->
      <class name="testCases.TC001_AccountRegistrationTest">
        <test-method is-config="true" signature="setup(java.lang.String,java.lang.String)[pri:0, instance:testCases.TC001_AccountRegistrationTest@7f132176]" started-at="2025-05-02T23:43:21 IST" name="setup" finished-at="2025-05-02T23:43:26 IST" duration-ms="5375" status="PASS">
          <params>
            <param index="0">
              <value>
                <![CDATA[Linux]]>
              </value>
            </param>
            <param index="1">
              <value>
                <![CDATA[firefox]]>
              </value>
            </param>
          </params>
          <reporter-output>
          </reporter-output>
        </test-method> <!-- setup -->
        <test-method signature="verify_account_registration()[pri:0, instance:testCases.TC001_AccountRegistrationTest@7f132176]" started-at="2025-05-02T23:43:26 IST" name="verify_account_registration" finished-at="2025-05-02T23:43:29 IST" duration-ms="2682" status="PASS">
          <reporter-output>
          </reporter-output>
        </test-method> <!-- verify_account_registration -->
        <test-method is-config="true" signature="tearDown()[pri:0, instance:testCases.TC001_AccountRegistrationTest@7f132176]" started-at="2025-05-02T23:43:29 IST" name="tearDown" finished-at="2025-05-02T23:43:30 IST" duration-ms="989" status="PASS">
          <reporter-output>
          </reporter-output>
        </test-method> <!-- tearDown -->
      </class> <!-- testCases.TC001_AccountRegistrationTest -->
    </test> <!-- Linux-Firefox -->
  </suite> <!-- Master Suite -->
</testng-results>
