<?xml version="1.0" encoding="UTF-8"?>
<!-- Generated by org.testng.reporters.JUnitReportReporter -->
<testsuite hostname="Vinay-Laptop" failures="0" tests="2" name="testCases.TC001_AccountRegistrationTest" time="5.489" errors="0" timestamp="2025-05-02T23:43:37 IST" skipped="0">
  <testcase classname="testCases.TC001_AccountRegistrationTest" name="verify_account_registration" time="2.807"/>
  <testcase classname="testCases.TC001_AccountRegistrationTest" name="verify_account_registration" time="2.682"/>
</testsuite> <!-- testCases.TC001_AccountRegistrationTest -->
